<?xml version="1.0" encoding="UTF-8"?>
<!-- Generated by org.testng.reporters.JUnitReportReporter -->
<testsuite hostname="DESKTOP-DD1RFPU" failures="0" tests="1" name="ui.Login" time="11.449" errors="0" timestamp="2024-02-15T15:26:58 EAT" skipped="0">
  <testcase classname="ui.Login" name="launchBrowser" time="11.449"/>
</testsuite> <!-- ui.Login -->
