<?xml version="1.0" encoding="UTF-8"?>
<!-- Generated by org.testng.reporters.JUnitReportReporter -->
<testsuite hostname="DESKTOP-DD1RFPU" failures="0" tests="4" name="ui.TestingGroups" time="0.031" errors="0" timestamp="2024-02-15T11:33:43 EAT" skipped="0">
  <testcase classname="ui.TestingGroups" name="testone" time="0.020"/>
  <testcase classname="ui.TestingGroups" name="testTwo" time="0.005"/>
  <testcase classname="ui.TestingGroups" name="testThree" time="0.003"/>
  <testcase classname="ui.TestingGroups" name="testFour" time="0.003"/>
</testsuite> <!-- ui.TestingGroups -->
