<?xml version="1.0" encoding="UTF-8"?>
<!-- Generated by org.testng.reporters.JUnitReportReporter -->
<testsuite hostname="DESKTOP-DD1RFPU" failures="0" tests="1" name="ui.LoginTest" time="0.014" errors="0" timestamp="2024-02-15T10:35:46 EAT" skipped="0">
  <testcase classname="ui.LoginTest" name="loginTest" time="0.014"/>
</testsuite> <!-- ui.LoginTest -->
