<?xml version="1.0" encoding="UTF-8"?>
<!-- Generated by org.testng.reporters.JUnitReportReporter -->
<testsuite hostname="DESKTOP-DD1RFPU" failures="0" tests="1" name="ui.VerifyTest" time="16.415" errors="0" timestamp="2024-02-15T10:27:04 EAT" skipped="0">
  <testcase classname="ui.VerifyTest" name="verifyTitle" time="16.415"/>
</testsuite> <!-- ui.VerifyTest -->
