<?xml version="1.0" encoding="UTF-8"?>
<!-- Generated by org.testng.reporters.JUnitReportReporter -->
<testsuite hostname="DESKTOP-DD1RFPU" failures="0" tests="7" name="ui.DataProviders" time="0.074" errors="0" timestamp="2024-02-15T13:58:49 EAT" skipped="0">
  <testcase classname="ui.DataProviders" name="test" time="0.012"/>
  <testcase classname="ui.DataProviders" name="test" time="0.006"/>
  <testcase classname="ui.DataProviders" name="test" time="0.010"/>
  <testcase classname="ui.DataProviders" name="test" time="0.021"/>
  <testcase classname="ui.DataProviders" name="test2" time="0.008"/>
  <testcase classname="ui.DataProviders" name="test2" time="0.010"/>
  <testcase classname="ui.DataProviders" name="test2" time="0.007"/>
</testsuite> <!-- ui.DataProviders -->
