<?xml version="1.0" encoding="UTF-8"?>
<!-- Generated by org.testng.reporters.JUnitReportReporter -->
<testsuite hostname="DESKTOP-DD1RFPU" failures="0" tests="4" name="ui.DataProviders" time="30.925" errors="0" timestamp="2024-02-15T15:02:57 EAT" skipped="0">
  <testcase classname="ui.DataProviders" name="logintest" time="3.543"/>
  <testcase classname="ui.DataProviders" name="logintest" time="3.740"/>
  <testcase classname="ui.DataProviders" name="logintest" time="8.692"/>
  <testcase classname="ui.DataProviders" name="logintest" time="14.950"/>
</testsuite> <!-- ui.DataProviders -->
