<?xml version="1.0" encoding="UTF-8"?>
<!-- Generated by org.testng.reporters.JUnitReportReporter -->
<testsuite hostname="DESKTOP-DD1RFPU" failures="0" tests="1" name="ui.SoftAssertTest" time="16.257" errors="0" timestamp="2024-02-15T10:27:04 EAT" skipped="0">
  <testcase classname="ui.SoftAssertTest" name="verifyTitle" time="16.257"/>
</testsuite> <!-- ui.SoftAssertTest -->
