<?xml version="1.0" encoding="UTF-8"?>
<!-- Generated by org.testng.reporters.JUnitReportReporter -->
<testsuite hostname="DESKTOP-DD1RFPU" failures="0" tests="4" name="ui.TestingGroups" time="0.058" errors="0" timestamp="2024-02-15T21:40:52 EAT" skipped="0">
  <testcase classname="ui.TestingGroups" name="testone" time="0.027"/>
  <testcase classname="ui.TestingGroups" name="testTwo" time="0.004">
    <system-out>
      <![CDATA[This is  a test 2 log]]>
    </system-out>
  </testcase> <!-- testTwo -->
  <testcase classname="ui.TestingGroups" name="testThree" time="0.018"/>
  <testcase classname="ui.TestingGroups" name="testFour" time="0.009"/>
  <system-out>
    <![CDATA[This is  a test 2 log]]>
  </system-out>
</testsuite> <!-- ui.TestingGroups -->
