<?xml version="1.0" encoding="UTF-8"?>
<!-- Generated by org.testng.reporters.JUnitReportReporter -->
<testsuite hostname="DESKTOP-DD1RFPU" failures="0" tests="2" name="ui.TestingGroups" time="0.022" errors="0" timestamp="2024-02-15T10:37:25 EAT" skipped="0">
  <testcase classname="ui.TestingGroups" name="testThree" time="0.018"/>
  <testcase classname="ui.TestingGroups" name="testFour" time="0.004"/>
</testsuite> <!-- ui.TestingGroups -->
