<?xml version="1.0" encoding="UTF-8"?>
<!-- Generated by org.testng.reporters.JUnitReportReporter -->
<testsuite hostname="DESKTOP-DD1RFPU" failures="0" tests="3" name="ui.SkipTestsDemo" time="0.038" errors="0" timestamp="2024-02-15T11:31:31 EAT" skipped="3">
  <testcase classname="ui.SkipTestsDemo" name="skipDemoTwo" time="0.008">
    <skipped/>
  </testcase> <!-- skipDemoTwo -->
  <testcase classname="ui.SkipTestsDemo" name="skipDemoThree" time="0.030">
    <skipped/>
  </testcase> <!-- skipDemoThree -->
  <testcase classname="ui.SkipTestsDemo" name="skipDemoOne">
    <skipped/>
  </testcase> <!-- skipDemoOne -->
</testsuite> <!-- ui.SkipTestsDemo -->
